<?xml version="1.0" encoding="UTF-8"?>
<!-- Generated by org.testng.reporters.JUnitXMLReporter -->
<testsuite ignored="0" hostname="LAPTOP-AR9V7GV7" failures="0" tests="3" name="Test" time="5.592" errors="0" timestamp="2022-07-25T19:36:57 IST">
  <testcase classname="IRCTC_test_2.Test_by_TestNG" name="@BeforeClass launchbrowser" time="5.498">
    <failure type="org.openqa.selenium.SessionNotCreatedException" message="session not created: This version of ChromeDriver only supports Chrome version 101
Current browser version is 103.0.5060.114 with binary path C:\Program Files\Google\Chrome\Application\chrome.exe
Build info: version: &amp;apos;3.141.59&amp;apos;, revision: &amp;apos;e82be7d358&amp;apos;, time: &amp;apos;2018-11-14T08:17:03&amp;apos;
System info: host: &amp;apos;LAPTOP-AR9V7GV7&amp;apos;, ip: &amp;apos;192.168.0.127&amp;apos;, os.name: &amp;apos;Windows 10&amp;apos;, os.arch: &amp;apos;amd64&amp;apos;, os.version: &amp;apos;10.0&amp;apos;, java.version: &amp;apos;15.0.2&amp;apos;
Driver info: driver.version: ChromeDriver
remote stacktrace: Backtrace:
	Ordinal0 [0x00A5A8E3+2402531]
	Ordinal0 [0x009EB011+1945617]
	Ordinal0 [0x008DC748+837448]
	Ordinal0 [0x008FC8F3+968947]
	Ordinal0 [0x008F84FA+951546]
	Ordinal0 [0x008F5DD1+941521]
	Ordinal0 [0x00928F10+1150736]
	Ordinal0 [0x00928B6A+1149802]
	Ordinal0 [0x009240C6+1130694]
	Ordinal0 [0x008FE676+976502]
	Ordinal0 [0x008FF586+980358]
	GetHandleVerifier [0x00CCBC42+2511938]
	GetHandleVerifier [0x00CBED6F+2458991]
	GetHandleVerifier [0x00AF31AA+575914]
	GetHandleVerifier [0x00AF1FA6+571302]
	Ordinal0 [0x009F1DEB+1973739]
	Ordinal0 [0x009F6778+1992568]
	Ordinal0 [0x009F6865+1992805]
	Ordinal0 [0x009FFA41+2030145]
	BaseThreadInitThunk [0x75F76739+25]
	RtlGetFullPathName_UEx [0x77818FEF+1215]
	RtlGetFullPathName_UEx [0x77818FBD+1165]
">
      <![CDATA[org.openqa.selenium.SessionNotCreatedException: session not created: This version of ChromeDriver only supports Chrome version 101
Current browser version is 103.0.5060.114 with binary path C:\Program Files\Google\Chrome\Application\chrome.exe
Build info: version: '3.141.59', revision: 'e82be7d358', time: '2018-11-14T08:17:03'
System info: host: 'LAPTOP-AR9V7GV7', ip: '192.168.0.127', os.name: 'Windows 10', os.arch: 'amd64', os.version: '10.0', java.version: '15.0.2'
Driver info: driver.version: ChromeDriver
remote stacktrace: Backtrace:
Ordinal0 [0x00A5A8E3+2402531]
Ordinal0 [0x009EB011+1945617]
Ordinal0 [0x008DC748+837448]
Ordinal0 [0x008FC8F3+968947]
Ordinal0 [0x008F84FA+951546]
Ordinal0 [0x008F5DD1+941521]
Ordinal0 [0x00928F10+1150736]
Ordinal0 [0x00928B6A+1149802]
Ordinal0 [0x009240C6+1130694]
Ordinal0 [0x008FE676+976502]
Ordinal0 [0x008FF586+980358]
GetHandleVerifier [0x00CCBC42+2511938]
GetHandleVerifier [0x00CBED6F+2458991]
GetHandleVerifier [0x00AF31AA+575914]
GetHandleVerifier [0x00AF1FA6+571302]
Ordinal0 [0x009F1DEB+1973739]
Ordinal0 [0x009F6778+1992568]
Ordinal0 [0x009F6865+1992805]
Ordinal0 [0x009FFA41+2030145]
BaseThreadInitThunk [0x75F76739+25]
RtlGetFullPathName_UEx [0x77818FEF+1215]
RtlGetFullPathName_UEx [0x77818FBD+1165]

at org.openqa.selenium.remote.W3CHandshakeResponse.lambda$errorHandler$0(W3CHandshakeResponse.java:62)
at org.openqa.selenium.remote.HandshakeResponse.lambda$getResponseFunction$0(HandshakeResponse.java:30)
at org.openqa.selenium.remote.ProtocolHandshake.lambda$createSession$0(ProtocolHandshake.java:126)
at java.base/java.util.stream.ReferencePipeline$3$1.accept(ReferencePipeline.java:195)
at java.base/java.util.Spliterators$ArraySpliterator.tryAdvance(Spliterators.java:958)
at java.base/java.util.stream.ReferencePipeline.forEachWithCancel(ReferencePipeline.java:127)
at java.base/java.util.stream.AbstractPipeline.copyIntoWithCancel(AbstractPipeline.java:502)
at java.base/java.util.stream.AbstractPipeline.copyInto(AbstractPipeline.java:488)
at java.base/java.util.stream.AbstractPipeline.wrapAndCopyInto(AbstractPipeline.java:474)
at java.base/java.util.stream.FindOps$FindOp.evaluateSequential(FindOps.java:150)
at java.base/java.util.stream.AbstractPipeline.evaluate(AbstractPipeline.java:234)
at java.base/java.util.stream.ReferencePipeline.findFirst(ReferencePipeline.java:543)
at org.openqa.selenium.remote.ProtocolHandshake.createSession(ProtocolHandshake.java:128)
at org.openqa.selenium.remote.ProtocolHandshake.createSession(ProtocolHandshake.java:74)
at org.openqa.selenium.remote.HttpCommandExecutor.execute(HttpCommandExecutor.java:136)
at org.openqa.selenium.remote.service.DriverCommandExecutor.execute(DriverCommandExecutor.java:83)
at org.openqa.selenium.remote.RemoteWebDriver.execute(RemoteWebDriver.java:552)
at org.openqa.selenium.remote.RemoteWebDriver.startSession(RemoteWebDriver.java:213)
at org.openqa.selenium.remote.RemoteWebDriver.<init>(RemoteWebDriver.java:131)
at org.openqa.selenium.chrome.ChromeDriver.<init>(ChromeDriver.java:181)
at org.openqa.selenium.chrome.ChromeDriver.<init>(ChromeDriver.java:168)
at org.openqa.selenium.chrome.ChromeDriver.<init>(ChromeDriver.java:123)
at IRCTC_test_2.Test_by_TestNG.launchbrowser(Test_by_TestNG.java:26)
at java.base/java.util.ArrayList.forEach(ArrayList.java:1511)
... Removed 30 stack frames]]>
    </failure>
  </testcase> <!-- @BeforeClass launchbrowser -->
  <testcase classname="IRCTC_test_2.Test_by_TestNG" name="@BeforeMethod launchloginpage" time="-1.658758016929E9">
    <skipped/>
  </testcase> <!-- @BeforeMethod launchloginpage -->
  <testcase classname="IRCTC_test_2.Test_by_TestNG" name="testsearchtrain" time="0.0">
    <skipped/>
  </testcase> <!-- testsearchtrain -->
  <testcase classname="TestNG.Basic" name="TestCase1" time="0.001"/>
  <testcase classname="TestNG.Basic" name="TestCase2" time="0.003"/>
</testsuite> <!-- Test -->
